# JRE version: OpenJDK Runtime Environment JBR-17.0.5+1-653.25-nomod (17.0.5+1) (build 17.0.5+1-b653.25)
# Java VM: OpenJDK 64-Bit Server VM JBR-17.0.5+1-653.25-nomod (17.0.5+1-b653.25, mixed mode, tiered, compressed oops, compressed class ptrs, g1 gc, windows-amd64)
GC Precious Log:
 CPUs: 12 total, 12 available
 Memory: 32650M
 Large Page Support: Disabled
 NUMA Support: Disabled
 Compressed Oops: Enabled (32-bit)
 Heap Region Size: 1M
 Heap Min Capacity: 8M
 Heap Initial Capacity: 512M
 Heap Max Capacity: 2G
 Pre-touch: Disabled
 Parallel Workers: 10
 Concurrent Workers: 3
 Concurrent Refinement Workers: 10
 Periodic GC: Disabled
Heap:
 garbage-first heap   total 281600K, used 17809K [0x0000000080000000, 0x0000000100000000)
  region size 1024K, 8 young (8192K), 1 survivors (1024K)
 Metaspace       used 44166K, committed 44800K, reserved 1089536K
  class space    used 5353K, committed 5632K, reserved 1048576K
GC Heap History (16 events):
Event: 0.901 GC heap before
{Heap before GC invocations=0 (full 0):
 garbage-first heap   total 524288K, used 25600K [0x0000000080000000, 0x0000000100000000)
  region size 1024K, 25 young (25600K), 0 survivors (0K)
 Metaspace       used 17569K, committed 17792K, reserved 1064960K
  class space    used 1980K, committed 2048K, reserved 1048576K
}
Event: 0.905 GC heap after
{Heap after GC invocations=1 (full 0):
 garbage-first heap   total 524288K, used 4565K [0x0000000080000000, 0x0000000100000000)
  region size 1024K, 4 young (4096K), 4 survivors (4096K)
 Metaspace       used 17569K, committed 17792K, reserved 1064960K
  class space    used 1980K, committed 2048K, reserved 1048576K
}
Event: 1.349 GC heap before
{Heap before GC invocations=1 (full 0):
 garbage-first heap   total 524288K, used 9685K [0x0000000080000000, 0x0000000100000000)
  region size 1024K, 10 young (10240K), 4 survivors (4096K)
 Metaspace       used 21312K, committed 21504K, reserved 1073152K
  class space    used 2410K, committed 2496K, reserved 1048576K
}
Event: 1.352 GC heap after
{Heap after GC invocations=2 (full 0):
 garbage-first heap   total 524288K, used 6135K [0x0000000080000000, 0x0000000100000000)
  region size 1024K, 2 young (2048K), 2 survivors (2048K)
 Metaspace       used 21312K, committed 21504K, reserved 1073152K
  class space    used 2410K, committed 2496K, reserved 1048576K
}
Event: 2.143 GC heap before
{Heap before GC invocations=3 (full 0):
 garbage-first heap   total 37888K, used 23543K [0x0000000080000000, 0x0000000100000000)
  region size 1024K, 20 young (20480K), 2 survivors (2048K)
 Metaspace       used 35867K, committed 36160K, reserved 1081344K
  class space    used 4291K, committed 4416K, reserved 1048576K
}
Event: 2.146 GC heap after
{Heap after GC invocations=4 (full 0):
 garbage-first heap   total 37888K, used 9529K [0x0000000080000000, 0x0000000100000000)
  region size 1024K, 3 young (3072K), 3 survivors (3072K)
 Metaspace       used 35867K, committed 36160K, reserved 1081344K
  class space    used 4291K, committed 4416K, reserved 1048576K
}
Event: 2.234 GC heap before
{Heap before GC invocations=4 (full 0):
 garbage-first heap   total 37888K, used 9529K [0x0000000080000000, 0x0000000100000000)
  region size 1024K, 4 young (4096K), 3 survivors (3072K)
 Metaspace       used 36108K, committed 36480K, reserved 1081344K
  class space    used 4327K, committed 4480K, reserved 1048576K
}
Event: 2.237 GC heap after
{Heap after GC invocations=5 (full 0):
 garbage-first heap   total 37888K, used 10239K [0x0000000080000000, 0x0000000100000000)
  region size 1024K, 1 young (1024K), 1 survivors (1024K)
 Metaspace       used 36108K, committed 36480K, reserved 1081344K
  class space    used 4327K, committed 4480K, reserved 1048576K
}
Event: 2.444 GC heap before
{Heap before GC invocations=5 (full 0):
 garbage-first heap   total 37888K, used 10239K [0x0000000080000000, 0x0000000100000000)
  region size 1024K, 2 young (2048K), 1 survivors (1024K)
 Metaspace       used 36485K, committed 36800K, reserved 1089536K
  class space    used 4370K, committed 4480K, reserved 1048576K
}
Event: 2.445 GC heap after
{Heap after GC invocations=6 (full 0):
 garbage-first heap   total 37888K, used 10119K [0x0000000080000000, 0x0000000100000000)
  region size 1024K, 1 young (1024K), 1 survivors (1024K)
 Metaspace       used 36485K, committed 36800K, reserved 1089536K
  class space    used 4370K, committed 4480K, reserved 1048576K
}
Event: 2.786 GC heap before
{Heap before GC invocations=7 (full 0):
 garbage-first heap   total 37888K, used 22407K [0x0000000080000000, 0x0000000100000000)
  region size 1024K, 14 young (14336K), 1 survivors (1024K)
 Metaspace       used 40892K, committed 41408K, reserved 1089536K
  class space    used 4949K, committed 5184K, reserved 1048576K
}
Event: 2.787 GC heap after
{Heap after GC invocations=8 (full 0):
 garbage-first heap   total 37888K, used 11179K [0x0000000080000000, 0x0000000100000000)
  region size 1024K, 2 young (2048K), 2 survivors (2048K)
 Metaspace       used 40892K, committed 41408K, reserved 1089536K
  class space    used 4949K, committed 5184K, reserved 1048576K
}
Event: 2.822 GC heap before
{Heap before GC invocations=8 (full 0):
 garbage-first heap   total 37888K, used 12203K [0x0000000080000000, 0x0000000100000000)
  region size 1024K, 3 young (3072K), 2 survivors (2048K)
 Metaspace       used 41023K, committed 41472K, reserved 1089536K
  class space    used 4954K, committed 5184K, reserved 1048576K
}
Event: 2.824 GC heap after
{Heap after GC invocations=9 (full 0):
 garbage-first heap   total 37888K, used 11150K [0x0000000080000000, 0x0000000100000000)
  region size 1024K, 1 young (1024K), 1 survivors (1024K)
 Metaspace       used 41023K, committed 41472K, reserved 1089536K
  class space    used 4954K, committed 5184K, reserved 1048576K
}
Event: 4.385 GC heap before
{Heap before GC invocations=9 (full 0):
 garbage-first heap   total 37888K, used 24462K [0x0000000080000000, 0x0000000100000000)
  region size 1024K, 14 young (14336K), 1 survivors (1024K)
 Metaspace       used 43814K, committed 44416K, reserved 1089536K
  class space    used 5330K, committed 5632K, reserved 1048576K
}
Event: 4.388 GC heap after
{Heap after GC invocations=10 (full 0):
 garbage-first heap   total 281600K, used 11665K [0x0000000080000000, 0x0000000100000000)
  region size 1024K, 1 young (1024K), 1 survivors (1024K)
 Metaspace       used 43814K, committed 44416K, reserved 1089536K
  class space    used 5330K, committed 5632K, reserved 1048576K
}

